{"/Users/zikriakmalsantoso/Data/technical-test/logique-test-be/src/controller/book.controller.ts": {"path":"/Users/zikriakmalsantoso/Data/technical-test/logique-test-be/src/controller/book.controller.ts","statementMap":{"0":{"start":{"line":2,"column":0},"end":{"line":2,"column":42}},"1":{"start":{"line":4,"column":19},"end":{"line":7,"column":null}},"2":{"start":{"line":4,"column":30},"end":{"line":7,"column":null}},"3":{"start":{"line":5,"column":18},"end":{"line":5,"column":35}},"4":{"start":{"line":6,"column":4},"end":{"line":6,"column":null}},"5":{"start":{"line":45,"column":9},"end":{"line":45,"column":19}},"6":{"start":{"line":9,"column":19},"end":{"line":18,"column":null}},"7":{"start":{"line":9,"column":48},"end":{"line":18,"column":null}},"8":{"start":{"line":10,"column":17},"end":{"line":16,"column":6}},"9":{"start":{"line":17,"column":4},"end":{"line":17,"column":16}},"10":{"start":{"line":45,"column":21},"end":{"line":45,"column":31}},"11":{"start":{"line":20,"column":20},"end":{"line":24,"column":null}},"12":{"start":{"line":20,"column":41},"end":{"line":24,"column":null}},"13":{"start":{"line":21,"column":17},"end":{"line":21,"column":48}},"14":{"start":{"line":22,"column":4},"end":{"line":22,"column":25}},"15":{"start":{"line":22,"column":15},"end":{"line":22,"column":25}},"16":{"start":{"line":23,"column":4},"end":{"line":23,"column":null}},"17":{"start":{"line":45,"column":33},"end":{"line":45,"column":44}},"18":{"start":{"line":26,"column":23},"end":{"line":35,"column":null}},"19":{"start":{"line":26,"column":61},"end":{"line":35,"column":null}},"20":{"start":{"line":27,"column":24},"end":{"line":30,"column":6}},"21":{"start":{"line":32,"column":4},"end":{"line":32,"column":32}},"22":{"start":{"line":32,"column":22},"end":{"line":32,"column":32}},"23":{"start":{"line":34,"column":4},"end":{"line":34,"column":23}},"24":{"start":{"line":45,"column":46},"end":{"line":45,"column":60}},"25":{"start":{"line":37,"column":23},"end":{"line":43,"column":null}},"26":{"start":{"line":37,"column":44},"end":{"line":43,"column":null}},"27":{"start":{"line":38,"column":23},"end":{"line":38,"column":55}},"28":{"start":{"line":40,"column":4},"end":{"line":40,"column":null}},"29":{"start":{"line":40,"column":21},"end":{"line":40,"column":null}},"30":{"start":{"line":42,"column":4},"end":{"line":42,"column":null}},"31":{"start":{"line":45,"column":62},"end":{"line":45,"column":76}}},"fnMap":{"0":{"name":"(anonymous_7)","decl":{"start":{"line":4,"column":19},"end":{"line":4,"column":28}},"loc":{"start":{"line":4,"column":30},"end":{"line":7,"column":null}}},"1":{"name":"(anonymous_8)","decl":{"start":{"line":4,"column":30},"end":{"line":4,"column":null}},"loc":{"start":{"line":4,"column":30},"end":{"line":7,"column":1}}},"2":{"name":"(anonymous_9)","decl":{"start":{"line":9,"column":19},"end":{"line":9,"column":26}},"loc":{"start":{"line":9,"column":48},"end":{"line":18,"column":null}}},"3":{"name":"(anonymous_10)","decl":{"start":{"line":9,"column":48},"end":{"line":9,"column":null}},"loc":{"start":{"line":9,"column":48},"end":{"line":18,"column":1}}},"4":{"name":"(anonymous_11)","decl":{"start":{"line":20,"column":20},"end":{"line":20,"column":27}},"loc":{"start":{"line":20,"column":41},"end":{"line":24,"column":null}}},"5":{"name":"(anonymous_12)","decl":{"start":{"line":20,"column":41},"end":{"line":20,"column":null}},"loc":{"start":{"line":20,"column":41},"end":{"line":24,"column":1}}},"6":{"name":"(anonymous_13)","decl":{"start":{"line":26,"column":23},"end":{"line":26,"column":30}},"loc":{"start":{"line":26,"column":61},"end":{"line":35,"column":null}}},"7":{"name":"(anonymous_14)","decl":{"start":{"line":26,"column":61},"end":{"line":26,"column":null}},"loc":{"start":{"line":26,"column":61},"end":{"line":35,"column":1}}},"8":{"name":"(anonymous_15)","decl":{"start":{"line":37,"column":23},"end":{"line":37,"column":30}},"loc":{"start":{"line":37,"column":44},"end":{"line":43,"column":null}}},"9":{"name":"(anonymous_16)","decl":{"start":{"line":37,"column":44},"end":{"line":37,"column":null}},"loc":{"start":{"line":37,"column":44},"end":{"line":43,"column":1}}}},"branchMap":{"0":{"loc":{"start":{"line":22,"column":4},"end":{"line":22,"column":25}},"type":"if","locations":[{"start":{"line":22,"column":4},"end":{"line":22,"column":25}}]},"1":{"loc":{"start":{"line":32,"column":4},"end":{"line":32,"column":32}},"type":"if","locations":[{"start":{"line":32,"column":4},"end":{"line":32,"column":32}}]},"2":{"loc":{"start":{"line":40,"column":4},"end":{"line":40,"column":null}},"type":"if","locations":[{"start":{"line":40,"column":4},"end":{"line":40,"column":null}}]}},"s":{"0":2,"1":2,"2":2,"3":2,"4":2,"5":2,"6":2,"7":2,"8":2,"9":2,"10":2,"11":2,"12":4,"13":4,"14":4,"15":2,"16":2,"17":2,"18":2,"19":4,"20":4,"21":4,"22":2,"23":2,"24":2,"25":2,"26":4,"27":4,"28":4,"29":2,"30":2,"31":2},"f":{"0":2,"1":2,"2":2,"3":2,"4":4,"5":4,"6":4,"7":4,"8":4,"9":4},"b":{"0":[2],"1":[2],"2":[2]}}
,"/Users/zikriakmalsantoso/Data/technical-test/logique-test-be/src/helpers/responseWrapper.ts": {"path":"/Users/zikriakmalsantoso/Data/technical-test/logique-test-be/src/helpers/responseWrapper.ts","statementMap":{"0":{"start":{"line":1,"column":31},"end":{"line":7,"column":1}},"1":{"start":{"line":2,"column":4},"end":{"line":6,"column":6}},"2":{"start":{"line":1,"column":13},"end":{"line":1,"column":31}}},"fnMap":{"0":{"name":"(anonymous_0)","decl":{"start":{"line":1,"column":31},"end":{"line":1,"column":32}},"loc":{"start":{"line":1,"column":138},"end":{"line":7,"column":1}}}},"branchMap":{"0":{"loc":{"start":{"line":1,"column":34},"end":{"line":1,"column":50}},"type":"default-arg","locations":[{"start":{"line":1,"column":46},"end":{"line":1,"column":50}}]},"1":{"loc":{"start":{"line":1,"column":52},"end":{"line":1,"column":71}},"type":"default-arg","locations":[{"start":{"line":1,"column":62},"end":{"line":1,"column":71}}]}},"s":{"0":1,"1":5,"2":1},"f":{"0":5},"b":{"0":[5],"1":[0]}}
,"/Users/zikriakmalsantoso/Data/technical-test/logique-test-be/src/model/book.model.ts": {"path":"/Users/zikriakmalsantoso/Data/technical-test/logique-test-be/src/model/book.model.ts","statementMap":{"0":{"start":{"line":1,"column":0},"end":{"line":1,"column":32}},"1":{"start":{"line":17,"column":19},"end":{"line":40,"column":2}},"2":{"start":{"line":42,"column":13},"end":{"line":42,"column":73}},"3":{"start":{"line":44,"column":9},"end":{"line":44,"column":13}}},"fnMap":{},"branchMap":{},"s":{"0":2,"1":2,"2":2,"3":2},"f":{},"b":{}}
,"/Users/zikriakmalsantoso/Data/technical-test/logique-test-be/src/routes/books.route.ts": {"path":"/Users/zikriakmalsantoso/Data/technical-test/logique-test-be/src/routes/books.route.ts","statementMap":{"0":{"start":{"line":1,"column":0},"end":{"line":1,"column":67}},"1":{"start":{"line":2,"column":0},"end":{"line":2,"column":116}},"2":{"start":{"line":3,"column":0},"end":{"line":3,"column":61}},"3":{"start":{"line":5,"column":15},"end":{"line":5,"column":31}},"4":{"start":{"line":88,"column":19},"end":{"line":88,"column":30}},"5":{"start":{"line":7,"column":0},"end":{"line":17,"column":null}},"6":{"start":{"line":7,"column":79},"end":{"line":17,"column":2}},"7":{"start":{"line":8,"column":18},"end":{"line":8,"column":36}},"8":{"start":{"line":9,"column":4},"end":{"line":16,"column":5}},"9":{"start":{"line":10,"column":8},"end":{"line":13,"column":12}},"10":{"start":{"line":15,"column":8},"end":{"line":15,"column":null}},"11":{"start":{"line":19,"column":0},"end":{"line":35,"column":null}},"12":{"start":{"line":19,"column":80},"end":{"line":35,"column":2}},"13":{"start":{"line":20,"column":60},"end":{"line":20,"column":68}},"14":{"start":{"line":21,"column":4},"end":{"line":34,"column":5}},"15":{"start":{"line":22,"column":21},"end":{"line":28,"column":10}},"16":{"start":{"line":29,"column":8},"end":{"line":31,"column":12}},"17":{"start":{"line":33,"column":8},"end":{"line":33,"column":null}},"18":{"start":{"line":37,"column":0},"end":{"line":52,"column":null}},"19":{"start":{"line":37,"column":83},"end":{"line":52,"column":2}},"20":{"start":{"line":38,"column":4},"end":{"line":51,"column":5}},"21":{"start":{"line":39,"column":21},"end":{"line":39,"column":54}},"22":{"start":{"line":40,"column":8},"end":{"line":45,"column":9}},"23":{"start":{"line":41,"column":12},"end":{"line":44,"column":null}},"24":{"start":{"line":46,"column":8},"end":{"line":48,"column":12}},"25":{"start":{"line":50,"column":8},"end":{"line":50,"column":null}},"26":{"start":{"line":54,"column":0},"end":{"line":69,"column":null}},"27":{"start":{"line":54,"column":83},"end":{"line":69,"column":2}},"28":{"start":{"line":55,"column":4},"end":{"line":68,"column":5}},"29":{"start":{"line":56,"column":21},"end":{"line":56,"column":67}},"30":{"start":{"line":57,"column":8},"end":{"line":62,"column":9}},"31":{"start":{"line":58,"column":12},"end":{"line":61,"column":null}},"32":{"start":{"line":63,"column":8},"end":{"line":65,"column":12}},"33":{"start":{"line":67,"column":8},"end":{"line":67,"column":null}},"34":{"start":{"line":71,"column":0},"end":{"line":86,"column":null}},"35":{"start":{"line":71,"column":86},"end":{"line":86,"column":2}},"36":{"start":{"line":72,"column":4},"end":{"line":85,"column":5}},"37":{"start":{"line":73,"column":21},"end":{"line":73,"column":57}},"38":{"start":{"line":74,"column":8},"end":{"line":79,"column":9}},"39":{"start":{"line":75,"column":12},"end":{"line":78,"column":null}},"40":{"start":{"line":80,"column":8},"end":{"line":82,"column":12}},"41":{"start":{"line":84,"column":8},"end":{"line":84,"column":null}}},"fnMap":{"0":{"name":"(anonymous_8)","decl":{"start":{"line":7,"column":21},"end":{"line":7,"column":28}},"loc":{"start":{"line":7,"column":79},"end":{"line":17,"column":2}}},"1":{"name":"(anonymous_9)","decl":{"start":{"line":7,"column":79},"end":{"line":7,"column":null}},"loc":{"start":{"line":7,"column":79},"end":{"line":17,"column":1}}},"2":{"name":"(anonymous_10)","decl":{"start":{"line":19,"column":22},"end":{"line":19,"column":29}},"loc":{"start":{"line":19,"column":80},"end":{"line":35,"column":2}}},"3":{"name":"(anonymous_11)","decl":{"start":{"line":19,"column":80},"end":{"line":19,"column":null}},"loc":{"start":{"line":19,"column":80},"end":{"line":35,"column":1}}},"4":{"name":"(anonymous_12)","decl":{"start":{"line":37,"column":25},"end":{"line":37,"column":32}},"loc":{"start":{"line":37,"column":83},"end":{"line":52,"column":2}}},"5":{"name":"(anonymous_13)","decl":{"start":{"line":37,"column":83},"end":{"line":37,"column":null}},"loc":{"start":{"line":37,"column":83},"end":{"line":52,"column":1}}},"6":{"name":"(anonymous_14)","decl":{"start":{"line":54,"column":25},"end":{"line":54,"column":32}},"loc":{"start":{"line":54,"column":83},"end":{"line":69,"column":2}}},"7":{"name":"(anonymous_15)","decl":{"start":{"line":54,"column":83},"end":{"line":54,"column":null}},"loc":{"start":{"line":54,"column":83},"end":{"line":69,"column":1}}},"8":{"name":"(anonymous_16)","decl":{"start":{"line":71,"column":28},"end":{"line":71,"column":35}},"loc":{"start":{"line":71,"column":86},"end":{"line":86,"column":2}}},"9":{"name":"(anonymous_17)","decl":{"start":{"line":71,"column":86},"end":{"line":71,"column":null}},"loc":{"start":{"line":71,"column":86},"end":{"line":86,"column":1}}}},"branchMap":{"0":{"loc":{"start":{"line":39,"column":39},"end":{"line":39,"column":53}},"type":"cond-expr","locations":[{"start":{"line":39,"column":49},"end":{"line":39,"column":51}},{"start":{"line":39,"column":49},"end":{"line":39,"column":53}}]},"1":{"loc":{"start":{"line":39,"column":39},"end":{"line":39,"column":51}},"type":"binary-expr","locations":[{"start":{"line":39,"column":39},"end":{"line":39,"column":51}},{"start":{"line":39,"column":49},"end":{"line":39,"column":51}}]},"2":{"loc":{"start":{"line":40,"column":8},"end":{"line":45,"column":9}},"type":"if","locations":[{"start":{"line":40,"column":8},"end":{"line":45,"column":9}}]},"3":{"loc":{"start":{"line":56,"column":42},"end":{"line":56,"column":56}},"type":"cond-expr","locations":[{"start":{"line":56,"column":52},"end":{"line":56,"column":54}},{"start":{"line":56,"column":52},"end":{"line":56,"column":56}}]},"4":{"loc":{"start":{"line":56,"column":42},"end":{"line":56,"column":54}},"type":"binary-expr","locations":[{"start":{"line":56,"column":42},"end":{"line":56,"column":54}},{"start":{"line":56,"column":52},"end":{"line":56,"column":54}}]},"5":{"loc":{"start":{"line":57,"column":8},"end":{"line":62,"column":9}},"type":"if","locations":[{"start":{"line":57,"column":8},"end":{"line":62,"column":9}}]},"6":{"loc":{"start":{"line":73,"column":42},"end":{"line":73,"column":56}},"type":"cond-expr","locations":[{"start":{"line":73,"column":52},"end":{"line":73,"column":54}},{"start":{"line":73,"column":52},"end":{"line":73,"column":56}}]},"7":{"loc":{"start":{"line":73,"column":42},"end":{"line":73,"column":54}},"type":"binary-expr","locations":[{"start":{"line":73,"column":42},"end":{"line":73,"column":54}},{"start":{"line":73,"column":52},"end":{"line":73,"column":54}}]},"8":{"loc":{"start":{"line":74,"column":8},"end":{"line":79,"column":9}},"type":"if","locations":[{"start":{"line":74,"column":8},"end":{"line":79,"column":9}}]}},"s":{"0":1,"1":1,"2":1,"3":1,"4":1,"5":1,"6":1,"7":1,"8":1,"9":1,"10":0,"11":1,"12":1,"13":1,"14":1,"15":1,"16":1,"17":0,"18":1,"19":2,"20":2,"21":2,"22":2,"23":1,"24":1,"25":0,"26":1,"27":2,"28":2,"29":2,"30":2,"31":1,"32":1,"33":0,"34":1,"35":2,"36":2,"37":2,"38":2,"39":1,"40":1,"41":0},"f":{"0":1,"1":1,"2":1,"3":1,"4":2,"5":2,"6":2,"7":2,"8":2,"9":2},"b":{"0":[0,2],"1":[2,2],"2":[1],"3":[0,2],"4":[2,2],"5":[1],"6":[0,2],"7":[2,2],"8":[1]}}
}
