TN:
SF:src/controller/book.controller.ts
FN:4,(anonymous_7)
FN:4,(anonymous_8)
FN:9,(anonymous_9)
FN:9,(anonymous_10)
FN:20,(anonymous_11)
FN:20,(anonymous_12)
FN:26,(anonymous_13)
FN:26,(anonymous_14)
FN:37,(anonymous_15)
FN:37,(anonymous_16)
FNF:10
FNH:10
FNDA:2,(anonymous_7)
FNDA:2,(anonymous_8)
FNDA:2,(anonymous_9)
FNDA:2,(anonymous_10)
FNDA:4,(anonymous_11)
FNDA:4,(anonymous_12)
FNDA:4,(anonymous_13)
FNDA:4,(anonymous_14)
FNDA:4,(anonymous_15)
FNDA:4,(anonymous_16)
DA:2,2
DA:4,2
DA:5,2
DA:6,2
DA:9,2
DA:10,2
DA:17,2
DA:20,4
DA:21,4
DA:22,4
DA:23,2
DA:26,4
DA:27,4
DA:32,4
DA:34,2
DA:37,4
DA:38,4
DA:40,4
DA:42,2
DA:45,2
LF:20
LH:20
BRDA:22,0,0,2
BRDA:32,1,0,2
BRDA:40,2,0,2
BRF:3
BRH:3
end_of_record
TN:
SF:src/helpers/responseWrapper.ts
FN:1,(anonymous_0)
FNF:1
FNH:1
FNDA:5,(anonymous_0)
DA:1,1
DA:2,5
LF:2
LH:2
BRDA:1,0,0,5
BRDA:1,1,0,0
BRF:2
BRH:1
end_of_record
TN:
SF:src/model/book.model.ts
FNF:0
FNH:0
DA:1,2
DA:17,2
DA:42,2
DA:44,2
LF:4
LH:4
BRF:0
BRH:0
end_of_record
TN:
SF:src/routes/books.route.ts
FN:7,(anonymous_8)
FN:7,(anonymous_9)
FN:19,(anonymous_10)
FN:19,(anonymous_11)
FN:37,(anonymous_12)
FN:37,(anonymous_13)
FN:54,(anonymous_14)
FN:54,(anonymous_15)
FN:71,(anonymous_16)
FN:71,(anonymous_17)
FNF:10
FNH:10
FNDA:1,(anonymous_8)
FNDA:1,(anonymous_9)
FNDA:1,(anonymous_10)
FNDA:1,(anonymous_11)
FNDA:2,(anonymous_12)
FNDA:2,(anonymous_13)
FNDA:2,(anonymous_14)
FNDA:2,(anonymous_15)
FNDA:2,(anonymous_16)
FNDA:2,(anonymous_17)
DA:1,1
DA:2,1
DA:3,1
DA:5,1
DA:7,1
DA:8,1
DA:9,1
DA:10,1
DA:15,0
DA:19,1
DA:20,1
DA:21,1
DA:22,1
DA:29,1
DA:33,0
DA:37,2
DA:38,2
DA:39,2
DA:40,2
DA:41,1
DA:46,1
DA:50,0
DA:54,2
DA:55,2
DA:56,2
DA:57,2
DA:58,1
DA:63,1
DA:67,0
DA:71,2
DA:72,2
DA:73,2
DA:74,2
DA:75,1
DA:80,1
DA:84,0
DA:88,1
LF:37
LH:32
BRDA:39,0,0,0
BRDA:39,0,1,2
BRDA:39,1,0,2
BRDA:39,1,1,2
BRDA:40,2,0,1
BRDA:56,3,0,0
BRDA:56,3,1,2
BRDA:56,4,0,2
BRDA:56,4,1,2
BRDA:57,5,0,1
BRDA:73,6,0,0
BRDA:73,6,1,2
BRDA:73,7,0,2
BRDA:73,7,1,2
BRDA:74,8,0,1
BRF:15
BRH:12
end_of_record
